Build started 2020/11/14 18:37:02.
     1>Project "C:\Users\16973\Desktop\CSocket_TCP\CSocket_TCP\CSocket_TCP.vcxproj" on node 2 (build target(s)).
     1>InitializeBuildStatus:
         Creating "Debug\CSocket_TCP.unsuccessfulbuild" because "AlwaysCreate" was specified.
       ClCompile:
         All outputs are up-to-date.
         C:\Program Files (x86)\Microsoft Visual Studio 10.0\VC\bin\CL.exe /c /ZI /nologo /W3 /WX- /Od /Oy- /D WIN32 /D _WINDOWS /D _DEBUG /D _UNICODE /D UNICODE /D _AFXDLL /Gm /EHsc /RTC1 /MDd /GS /fp:precise /Zc:wchar_t /Zc:forScope /Yu"StdAfx.h" /Fp"Debug\CSocket_TCP.pch" /Fo"Debug\\" /Fd"Debug\vc100.pdb" /Gd /TP /analyze- /errorReport:prompt CSocket_TCPDlg.cpp
         CSocket_TCPDlg.cpp
     1>c:\users\16973\desktop\csocket_tcp\csocket_tcp\csocket_tcpdlg.cpp(324): warning C4996: 'sprintf': This function or variable may be unsafe. Consider using sprintf_s instead. To disable deprecation, use _CRT_SECURE_NO_WARNINGS. See online help for details.
                 c:\program files (x86)\microsoft visual studio 10.0\vc\include\stdio.h(371) : see declaration of 'sprintf'
       ResourceCompile:
         All outputs are up-to-date.
       ManifestResourceCompile:
         All outputs are up-to-date.
       Link:
         C:\Program Files (x86)\Microsoft Visual Studio 10.0\VC\bin\link.exe /ERRORREPORT:PROMPT /OUT:"C:\Users\16973\Desktop\CSocket_TCP\Debug\CSocket_TCP.exe" /INCREMENTAL /NOLOGO opencv_ml2410d.lib opencv_calib3d2410d.lib opencv_contrib2410d.lib opencv_core2410d.lib opencv_features2d2410d.lib opencv_flann2410d.lib opencv_gpu2410d.lib opencv_highgui2410d.lib opencv_imgproc2410d.lib opencv_legacy2410d.lib opencv_objdetect2410d.lib opencv_ts2410d.lib opencv_video2410d.lib opencv_nonfree2410d.lib opencv_ocl2410d.lib opencv_photo2410d.lib opencv_stitching2410d.lib opencv_superres2410d.lib opencv_videostab2410d.lib opencv_objdetect2410.lib opencv_ts2410.lib opencv_video2410.lib opencv_nonfree2410.lib opencv_ocl2410.lib opencv_photo2410.lib opencv_stitching2410.lib opencv_superres2410.lib opencv_videostab2410.lib opencv_calib3d2410.lib opencv_contrib2410.lib opencv_core2410.lib opencv_features2d2410.lib opencv_flann2410.lib opencv_gpu2410.lib opencv_highgui2410.lib opencv_imgproc2410.lib opencv_legacy2410.lib opencv_ml2410.lib /MANIFEST /ManifestFile:"Debug\CSocket_TCP.exe.intermediate.manifest" /MANIFESTUAC:"level='asInvoker' uiAccess='false'" /DEBUG /PDB:"C:\Users\16973\Desktop\CSocket_TCP\Debug\CSocket_TCP.pdb" /SUBSYSTEM:WINDOWS /TLBID:1 /ENTRY:"wWinMainCRTStartup" /DYNAMICBASE /NXCOMPAT /IMPLIB:"C:\Users\16973\Desktop\CSocket_TCP\Debug\CSocket_TCP.lib" /MACHINE:X86 Debug\CSocket_TCP.res
         Debug\CSocket_TCP.exe.embed.manifest.res
         Debug\CSocket_TCP.obj
         Debug\CSocket_TCPDlg.obj
         Debug\stdafx.obj
         Debug\tchart1.obj
       Manifest:
         C:\Program Files (x86)\Microsoft SDKs\Windows\v7.0A\bin\mt.exe /nologo /verbose /out:"Debug\CSocket_TCP.exe.embed.manifest" /manifest Debug\CSocket_TCP.exe.intermediate.manifest "C:\Program Files (x86)\Microsoft Visual Studio 10.0\VC\Include\Manifest\dpiaware.manifest"
         All outputs are up-to-date.
       LinkEmbedManifest:
         All outputs are up-to-date.
         CSocket_TCP.vcxproj -> C:\Users\16973\Desktop\CSocket_TCP\Debug\CSocket_TCP.exe
       FinalizeBuildStatus:
         Deleting file "Debug\CSocket_TCP.unsuccessfulbuild".
         Touching "Debug\CSocket_TCP.lastbuildstate".
     1>Done Building Project "C:\Users\16973\Desktop\CSocket_TCP\CSocket_TCP\CSocket_TCP.vcxproj" (build target(s)).

Build succeeded.

Time Elapsed 00:00:02.63
