C:\Users\16973\Desktop\CSocket_TCP\CSocket_TCP\Debug\cl.command.1.tlog
C:\Users\16973\Desktop\CSocket_TCP\CSocket_TCP\Debug\CL.read.1.tlog
C:\Users\16973\Desktop\CSocket_TCP\CSocket_TCP\Debug\CL.write.1.tlog
C:\Users\16973\Desktop\CSocket_TCP\CSocket_TCP\Debug\CSocket_TCP.exe.embed.manifest
C:\USERS\16973\DESKTOP\CSOCKET_TCP\CSOCKET_TCP\DEBUG\CSOCKET_TCP.EXE.EMBED.MANIFEST.RES
C:\USERS\16973\DESKTOP\CSOCKET_TCP\CSOCKET_TCP\DEBUG\CSOCKET_TCP.EXE.INTERMEDIATE.MANIFEST
C:\USERS\16973\DESKTOP\CSOCKET_TCP\CSOCKET_TCP\DEBUG\CSOCKET_TCP.OBJ
C:\USERS\16973\DESKTOP\CSOCKET_TCP\CSOCKET_TCP\DEBUG\CSOCKET_TCP.PCH
C:\USERS\16973\DESKTOP\CSOCKET_TCP\CSOCKET_TCP\DEBUG\CSOCKET_TCP.RES
C:\Users\16973\Desktop\CSocket_TCP\CSocket_TCP\Debug\CSocket_TCP.vcxprojResolveAssemblyReference.cache
C:\Users\16973\Desktop\CSocket_TCP\CSocket_TCP\Debug\CSocket_TCP.write.1.tlog
C:\Users\16973\Desktop\CSocket_TCP\CSocket_TCP\Debug\CSocket_TCP_manifest.rc
C:\Users\16973\Desktop\CSocket_TCP\CSocket_TCP\Debug\link.10052.read.1.tlog
C:\Users\16973\Desktop\CSocket_TCP\CSocket_TCP\Debug\link.10052.write.1.tlog
C:\Users\16973\Desktop\CSocket_TCP\CSocket_TCP\Debug\link.10052-cvtres.read.1.tlog
C:\Users\16973\Desktop\CSocket_TCP\CSocket_TCP\Debug\link.10052-cvtres.write.1.tlog
C:\Users\16973\Desktop\CSocket_TCP\CSocket_TCP\Debug\link.92.read.1.tlog
C:\Users\16973\Desktop\CSocket_TCP\CSocket_TCP\Debug\link.92.write.1.tlog
C:\Users\16973\Desktop\CSocket_TCP\CSocket_TCP\Debug\link.92-cvtres.read.1.tlog
C:\Users\16973\Desktop\CSocket_TCP\CSocket_TCP\Debug\link.92-cvtres.write.1.tlog
C:\Users\16973\Desktop\CSocket_TCP\CSocket_TCP\Debug\link.command.1.tlog
C:\Users\16973\Desktop\CSocket_TCP\CSocket_TCP\Debug\link.read.1.tlog
C:\Users\16973\Desktop\CSocket_TCP\CSocket_TCP\Debug\link.write.1.tlog
C:\Users\16973\Desktop\CSocket_TCP\CSocket_TCP\Debug\link-cvtres.read.1.tlog
C:\Users\16973\Desktop\CSocket_TCP\CSocket_TCP\Debug\link-cvtres.write.1.tlog
C:\Users\16973\Desktop\CSocket_TCP\CSocket_TCP\Debug\mt.command.1.tlog
C:\Users\16973\Desktop\CSocket_TCP\CSocket_TCP\Debug\mt.read.1.tlog
C:\Users\16973\Desktop\CSocket_TCP\CSocket_TCP\Debug\mt.write.1.tlog
C:\Users\16973\Desktop\CSocket_TCP\CSocket_TCP\Debug\rc.command.1.tlog
C:\Users\16973\Desktop\CSocket_TCP\CSocket_TCP\Debug\rc.read.1.tlog
C:\Users\16973\Desktop\CSocket_TCP\CSocket_TCP\Debug\rc.write.1.tlog
C:\USERS\16973\DESKTOP\CSOCKET_TCP\CSOCKET_TCP\DEBUG\STDAFX.OBJ
C:\USERS\16973\DESKTOP\CSOCKET_TCP\CSOCKET_TCP\DEBUG\TCHART1.OBJ
C:\Users\16973\Desktop\CSocket_TCP\CSocket_TCP\Debug\vc100.idb
C:\USERS\16973\DESKTOP\CSOCKET_TCP\CSOCKET_TCP\DEBUG\VC100.PDB
C:\USERS\16973\DESKTOP\CSOCKET_TCP\DEBUG\CSOCKET_TCP.EXE
C:\USERS\16973\DESKTOP\CSOCKET_TCP\DEBUG\CSOCKET_TCP.ILK
C:\USERS\16973\DESKTOP\CSOCKET_TCP\DEBUG\CSOCKET_TCP.PDB
C:\USERS\STARRY\DESKTOP\CSOCKET_TCP\CSOCKET_TCP\DEBUG\CSOCKET_TCP.EXE.EMBED.MANIFEST
C:\USERS\STARRY\DESKTOP\CSOCKET_TCP\CSOCKET_TCP\DEBUG\CSOCKET_TCP.EXE.EMBED.MANIFEST.RES
C:\USERS\STARRY\DESKTOP\CSOCKET_TCP\CSOCKET_TCP\DEBUG\CSOCKET_TCP.EXE.INTERMEDIATE.MANIFEST
C:\USERS\STARRY\DESKTOP\CSOCKET_TCP\CSOCKET_TCP\DEBUG\CSOCKET_TCP.OBJ
C:\USERS\STARRY\DESKTOP\CSOCKET_TCP\CSOCKET_TCP\DEBUG\CSOCKET_TCP.PCH
C:\USERS\STARRY\DESKTOP\CSOCKET_TCP\CSOCKET_TCP\DEBUG\CSOCKET_TCP.RES
C:\USERS\STARRY\DESKTOP\CSOCKET_TCP\CSOCKET_TCP\DEBUG\CSOCKET_TCPDLG.OBJ
C:\USERS\STARRY\DESKTOP\CSOCKET_TCP\CSOCKET_TCP\DEBUG\STDAFX.OBJ
C:\USERS\STARRY\DESKTOP\CSOCKET_TCP\CSOCKET_TCP\DEBUG\VC100.PDB
C:\USERS\STARRY\DESKTOP\CSOCKET_TCP\DEBUG\CSOCKET_TCP.EXE
C:\USERS\STARRY\DESKTOP\CSOCKET_TCP\DEBUG\CSOCKET_TCP.ILK
C:\USERS\STARRY\DESKTOP\CSOCKET_TCP\DEBUG\CSOCKET_TCP.PDB
E:\CYUYAN\MFC\WIFI通信\CSOCKET_TCP\CSOCKET_TCP\DEBUG\CSOCKET_TCP.EXE.EMBED.MANIFEST
E:\CYUYAN\MFC\WIFI通信\CSOCKET_TCP\CSOCKET_TCP\DEBUG\CSOCKET_TCP.EXE.EMBED.MANIFEST.RES
E:\CYUYAN\MFC\WIFI通信\CSOCKET_TCP\CSOCKET_TCP\DEBUG\CSOCKET_TCP.EXE.INTERMEDIATE.MANIFEST
E:\CYUYAN\MFC\WIFI通信\CSOCKET_TCP\CSOCKET_TCP\DEBUG\CSOCKET_TCP.OBJ
E:\CYUYAN\MFC\WIFI通信\CSOCKET_TCP\CSOCKET_TCP\DEBUG\CSOCKET_TCP.PCH
E:\CYUYAN\MFC\WIFI通信\CSOCKET_TCP\CSOCKET_TCP\DEBUG\CSOCKET_TCP.RES
E:\CYUYAN\MFC\WIFI通信\CSOCKET_TCP\CSOCKET_TCP\DEBUG\CSOCKET_TCPDLG.OBJ
E:\CYUYAN\MFC\WIFI通信\CSOCKET_TCP\CSOCKET_TCP\DEBUG\STDAFX.OBJ
E:\CYUYAN\MFC\WIFI通信\CSOCKET_TCP\CSOCKET_TCP\DEBUG\VC100.PDB
E:\CYUYAN\MFC\WIFI通信\CSOCKET_TCP\DEBUG\CSOCKET_TCP.EXE
E:\CYUYAN\MFC\WIFI通信\CSOCKET_TCP\DEBUG\CSOCKET_TCP.ILK
E:\CYUYAN\MFC\WIFI通信\CSOCKET_TCP\DEBUG\CSOCKET_TCP.PDB
